# JRE version: OpenJDK Runtime Environment Temurin-21.0.7+6 (21.0.7+6) (build 21.0.7+6-LTS)
# Java VM: OpenJDK 64-Bit Server VM Temurin-21.0.7+6 (21.0.7+6-LTS, mixed mode, sharing, tiered, compressed oops, compressed class ptrs, parallel gc, windows-amd64)
GC Precious Log:
 CardTable entry size: 512
 CPUs: 2 total, 2 available
 Memory: 3918M
 Large Page Support: Disabled
 NUMA Support: Disabled
 Compressed Oops: Enabled (32-bit)
 Alignments: Space 512K, Generation 512K, Heap 2M
 Heap Min Capacity: 100M
 Heap Initial Capacity: 100M
 Heap Max Capacity: 2G
 Pre-touch: Disabled
 Parallel Workers: 2
Heap:
 PSYoungGen      total 9216K, used 8829K [0x00000000d5580000, 0x00000000d6100000, 0x0000000100000000)
  eden space 7168K, 100% used [0x00000000d5580000,0x00000000d5c80000,0x00000000d5c80000)
  from space 2048K, 81% used [0x00000000d5d80000,0x00000000d5f1f5e0,0x00000000d5f80000)
  to   space 1536K, 0% used [0x00000000d5f80000,0x00000000d5f80000,0x00000000d6100000)
 ParOldGen       total 736768K, used 736617K [0x0000000080000000, 0x00000000acf80000, 0x00000000d5580000)
  object space 736768K, 99% used [0x0000000080000000,0x00000000acf5a5e8,0x00000000acf80000)
 Metaspace       used 69753K, committed 71360K, reserved 1114112K
  class space    used 7052K, committed 7744K, reserved 1048576K
GC Heap History (20 events):
Event: 149.348 GC heap before
{Heap before GC invocations=1029 (full 3):
 PSYoungGen      total 11776K, used 11520K [0x00000000d5580000, 0x00000000d6380000, 0x0000000100000000)
  eden space 11264K, 100% used [0x00000000d5580000,0x00000000d6080000,0x00000000d6080000)
  from space 512K, 50% used [0x00000000d6280000,0x00000000d62c0000,0x00000000d6300000)
  to   space 512K, 0% used [0x00000000d6300000,0x00000000d6300000,0x00000000d6380000)
 ParOldGen       total 724992K, used 724876K [0x0000000080000000, 0x00000000ac400000, 0x00000000d5580000)
  object space 724992K, 99% used [0x0000000080000000,0x00000000ac3e32c0,0x00000000ac400000)
 Metaspace       used 67083K, committed 68608K, reserved 1114112K
  class space    used 6816K, committed 7488K, reserved 1048576K
}
Event: 149.355 GC heap after
{Heap after GC invocations=1029 (full 3):
 PSYoungGen      total 11776K, used 256K [0x00000000d5580000, 0x00000000d6380000, 0x0000000100000000)
  eden space 11264K, 0% used [0x00000000d5580000,0x00000000d5580000,0x00000000d6080000)
  from space 512K, 50% used [0x00000000d6300000,0x00000000d6340000,0x00000000d6380000)
  to   space 512K, 0% used [0x00000000d6280000,0x00000000d6280000,0x00000000d6300000)
 ParOldGen       total 726528K, used 725900K [0x0000000080000000, 0x00000000ac580000, 0x00000000d5580000)
  object space 726528K, 99% used [0x0000000080000000,0x00000000ac4e32c0,0x00000000ac580000)
 Metaspace       used 67083K, committed 68608K, reserved 1114112K
  class space    used 6816K, committed 7488K, reserved 1048576K
}
Event: 149.377 GC heap before
{Heap before GC invocations=1030 (full 3):
 PSYoungGen      total 11776K, used 11520K [0x00000000d5580000, 0x00000000d6380000, 0x0000000100000000)
  eden space 11264K, 100% used [0x00000000d5580000,0x00000000d6080000,0x00000000d6080000)
  from space 512K, 50% used [0x00000000d6300000,0x00000000d6340000,0x00000000d6380000)
  to   space 512K, 0% used [0x00000000d6280000,0x00000000d6280000,0x00000000d6300000)
 ParOldGen       total 726528K, used 725900K [0x0000000080000000, 0x00000000ac580000, 0x00000000d5580000)
  object space 726528K, 99% used [0x0000000080000000,0x00000000ac4e32c0,0x00000000ac580000)
 Metaspace       used 67083K, committed 68608K, reserved 1114112K
  class space    used 6816K, committed 7488K, reserved 1048576K
}
Event: 149.384 GC heap after
{Heap after GC invocations=1030 (full 3):
 PSYoungGen      total 11776K, used 160K [0x00000000d5580000, 0x00000000d6380000, 0x0000000100000000)
  eden space 11264K, 0% used [0x00000000d5580000,0x00000000d5580000,0x00000000d6080000)
  from space 512K, 31% used [0x00000000d6280000,0x00000000d62a8000,0x00000000d6300000)
  to   space 512K, 0% used [0x00000000d6300000,0x00000000d6300000,0x00000000d6380000)
 ParOldGen       total 726528K, used 726116K [0x0000000080000000, 0x00000000ac580000, 0x00000000d5580000)
  object space 726528K, 99% used [0x0000000080000000,0x00000000ac5192c0,0x00000000ac580000)
 Metaspace       used 67083K, committed 68608K, reserved 1114112K
  class space    used 6816K, committed 7488K, reserved 1048576K
}
Event: 149.953 GC heap before
{Heap before GC invocations=1031 (full 3):
 PSYoungGen      total 11776K, used 11424K [0x00000000d5580000, 0x00000000d6380000, 0x0000000100000000)
  eden space 11264K, 100% used [0x00000000d5580000,0x00000000d6080000,0x00000000d6080000)
  from space 512K, 31% used [0x00000000d6280000,0x00000000d62a8000,0x00000000d6300000)
  to   space 512K, 0% used [0x00000000d6300000,0x00000000d6300000,0x00000000d6380000)
 ParOldGen       total 726528K, used 726116K [0x0000000080000000, 0x00000000ac580000, 0x00000000d5580000)
  object space 726528K, 99% used [0x0000000080000000,0x00000000ac5192c0,0x00000000ac580000)
 Metaspace       used 67208K, committed 68800K, reserved 1114112K
  class space    used 6836K, committed 7552K, reserved 1048576K
}
Event: 149.960 GC heap after
{Heap after GC invocations=1031 (full 3):
 PSYoungGen      total 11776K, used 480K [0x00000000d5580000, 0x00000000d6380000, 0x0000000100000000)
  eden space 11264K, 0% used [0x00000000d5580000,0x00000000d5580000,0x00000000d6080000)
  from space 512K, 93% used [0x00000000d6300000,0x00000000d6378020,0x00000000d6380000)
  to   space 1536K, 0% used [0x00000000d6080000,0x00000000d6080000,0x00000000d6200000)
 ParOldGen       total 727040K, used 726596K [0x0000000080000000, 0x00000000ac600000, 0x00000000d5580000)
  object space 727040K, 99% used [0x0000000080000000,0x00000000ac5912c0,0x00000000ac600000)
 Metaspace       used 67208K, committed 68800K, reserved 1114112K
  class space    used 6836K, committed 7552K, reserved 1048576K
}
Event: 150.692 GC heap before
{Heap before GC invocations=1032 (full 3):
 PSYoungGen      total 11776K, used 11744K [0x00000000d5580000, 0x00000000d6380000, 0x0000000100000000)
  eden space 11264K, 100% used [0x00000000d5580000,0x00000000d6080000,0x00000000d6080000)
  from space 512K, 93% used [0x00000000d6300000,0x00000000d6378020,0x00000000d6380000)
  to   space 1536K, 0% used [0x00000000d6080000,0x00000000d6080000,0x00000000d6200000)
 ParOldGen       total 727040K, used 726596K [0x0000000080000000, 0x00000000ac600000, 0x00000000d5580000)
  object space 727040K, 99% used [0x0000000080000000,0x00000000ac5912c0,0x00000000ac600000)
 Metaspace       used 67434K, committed 68992K, reserved 1114112K
  class space    used 6852K, committed 7552K, reserved 1048576K
}
Event: 150.708 GC heap after
{Heap after GC invocations=1032 (full 3):
 PSYoungGen      total 12800K, used 608K [0x00000000d5580000, 0x00000000d6380000, 0x0000000100000000)
  eden space 11264K, 0% used [0x00000000d5580000,0x00000000d5580000,0x00000000d6080000)
  from space 1536K, 39% used [0x00000000d6080000,0x00000000d6118000,0x00000000d6200000)
  to   space 1024K, 0% used [0x00000000d6280000,0x00000000d6280000,0x00000000d6380000)
 ParOldGen       total 727552K, used 727061K [0x0000000080000000, 0x00000000ac680000, 0x00000000d5580000)
  object space 727552K, 99% used [0x0000000080000000,0x00000000ac605550,0x00000000ac680000)
 Metaspace       used 67434K, committed 68992K, reserved 1114112K
  class space    used 6852K, committed 7552K, reserved 1048576K
}
Event: 152.493 GC heap before
{Heap before GC invocations=1033 (full 3):
 PSYoungGen      total 12800K, used 11872K [0x00000000d5580000, 0x00000000d6380000, 0x0000000100000000)
  eden space 11264K, 100% used [0x00000000d5580000,0x00000000d6080000,0x00000000d6080000)
  from space 1536K, 39% used [0x00000000d6080000,0x00000000d6118000,0x00000000d6200000)
  to   space 1024K, 0% used [0x00000000d6280000,0x00000000d6280000,0x00000000d6380000)
 ParOldGen       total 727552K, used 727061K [0x0000000080000000, 0x00000000ac680000, 0x00000000d5580000)
  object space 727552K, 99% used [0x0000000080000000,0x00000000ac605550,0x00000000ac680000)
 Metaspace       used 68258K, committed 69824K, reserved 1114112K
  class space    used 6907K, committed 7616K, reserved 1048576K
}
Event: 152.502 GC heap after
{Heap after GC invocations=1033 (full 3):
 PSYoungGen      total 12288K, used 896K [0x00000000d5580000, 0x00000000d6380000, 0x0000000100000000)
  eden space 11264K, 0% used [0x00000000d5580000,0x00000000d5580000,0x00000000d6080000)
  from space 1024K, 87% used [0x00000000d6280000,0x00000000d6360000,0x00000000d6380000)
  to   space 1024K, 0% used [0x00000000d6180000,0x00000000d6180000,0x00000000d6280000)
 ParOldGen       total 728064K, used 727577K [0x0000000080000000, 0x00000000ac700000, 0x00000000d5580000)
  object space 728064K, 99% used [0x0000000080000000,0x00000000ac6867d0,0x00000000ac700000)
 Metaspace       used 68258K, committed 69824K, reserved 1114112K
  class space    used 6907K, committed 7616K, reserved 1048576K
}
Event: 153.066 GC heap before
{Heap before GC invocations=1034 (full 3):
 PSYoungGen      total 12288K, used 12160K [0x00000000d5580000, 0x00000000d6380000, 0x0000000100000000)
  eden space 11264K, 100% used [0x00000000d5580000,0x00000000d6080000,0x00000000d6080000)
  from space 1024K, 87% used [0x00000000d6280000,0x00000000d6360000,0x00000000d6380000)
  to   space 1024K, 0% used [0x00000000d6180000,0x00000000d6180000,0x00000000d6280000)
 ParOldGen       total 728064K, used 727577K [0x0000000080000000, 0x00000000ac700000, 0x00000000d5580000)
  object space 728064K, 99% used [0x0000000080000000,0x00000000ac6867d0,0x00000000ac700000)
 Metaspace       used 68427K, committed 70080K, reserved 1114112K
  class space    used 6927K, committed 7680K, reserved 1048576K
}
Event: 153.072 GC heap after
{Heap after GC invocations=1034 (full 3):
 PSYoungGen      total 11776K, used 352K [0x00000000d5580000, 0x00000000d6300000, 0x0000000100000000)
  eden space 11264K, 0% used [0x00000000d5580000,0x00000000d5580000,0x00000000d6080000)
  from space 512K, 68% used [0x00000000d6180000,0x00000000d61d8020,0x00000000d6200000)
  to   space 1024K, 0% used [0x00000000d6200000,0x00000000d6200000,0x00000000d6300000)
 ParOldGen       total 728576K, used 728376K [0x0000000080000000, 0x00000000ac780000, 0x00000000d5580000)
  object space 728576K, 99% used [0x0000000080000000,0x00000000ac74e278,0x00000000ac780000)
 Metaspace       used 68427K, committed 70080K, reserved 1114112K
  class space    used 6927K, committed 7680K, reserved 1048576K
}
Event: 154.933 GC heap before
{Heap before GC invocations=1035 (full 3):
 PSYoungGen      total 11776K, used 11616K [0x00000000d5580000, 0x00000000d6300000, 0x0000000100000000)
  eden space 11264K, 100% used [0x00000000d5580000,0x00000000d6080000,0x00000000d6080000)
  from space 512K, 68% used [0x00000000d6180000,0x00000000d61d8020,0x00000000d6200000)
  to   space 1024K, 0% used [0x00000000d6200000,0x00000000d6200000,0x00000000d6300000)
 ParOldGen       total 728576K, used 728376K [0x0000000080000000, 0x00000000ac780000, 0x00000000d5580000)
  object space 728576K, 99% used [0x0000000080000000,0x00000000ac74e278,0x00000000ac780000)
 Metaspace       used 68525K, committed 70208K, reserved 1114112K
  class space    used 6936K, committed 7680K, reserved 1048576K
}
Event: 154.946 GC heap after
{Heap after GC invocations=1035 (full 3):
 PSYoungGen      total 8192K, used 1002K [0x00000000d5580000, 0x00000000d6b80000, 0x0000000100000000)
  eden space 7168K, 0% used [0x00000000d5580000,0x00000000d5580000,0x00000000d5c80000)
  from space 1024K, 97% used [0x00000000d6200000,0x00000000d62fabe8,0x00000000d6300000)
  to   space 5632K, 0% used [0x00000000d5c80000,0x00000000d5c80000,0x00000000d6200000)
 ParOldGen       total 732160K, used 732150K [0x0000000080000000, 0x00000000acb00000, 0x00000000d5580000)
  object space 732160K, 99% used [0x0000000080000000,0x00000000acafdaf8,0x00000000acb00000)
 Metaspace       used 68525K, committed 70208K, reserved 1114112K
  class space    used 6936K, committed 7680K, reserved 1048576K
}
Event: 157.445 GC heap before
{Heap before GC invocations=1036 (full 3):
 PSYoungGen      total 8192K, used 8153K [0x00000000d5580000, 0x00000000d6b80000, 0x0000000100000000)
  eden space 7168K, 99% used [0x00000000d5580000,0x00000000d5c7b950,0x00000000d5c80000)
  from space 1024K, 97% used [0x00000000d6200000,0x00000000d62fabe8,0x00000000d6300000)
  to   space 5632K, 0% used [0x00000000d5c80000,0x00000000d5c80000,0x00000000d6200000)
 ParOldGen       total 732160K, used 732150K [0x0000000080000000, 0x00000000acb00000, 0x00000000d5580000)
  object space 732160K, 99% used [0x0000000080000000,0x00000000acafdaf8,0x00000000acb00000)
 Metaspace       used 68802K, committed 70400K, reserved 1114112K
  class space    used 6979K, committed 7680K, reserved 1048576K
}
Event: 157.473 GC heap after
{Heap after GC invocations=1036 (full 3):
 PSYoungGen      total 10752K, used 3077K [0x00000000d5580000, 0x00000000d6480000, 0x0000000100000000)
  eden space 7168K, 0% used [0x00000000d5580000,0x00000000d5580000,0x00000000d5c80000)
  from space 3584K, 85% used [0x00000000d5c80000,0x00000000d5f81500,0x00000000d6000000)
  to   space 4096K, 0% used [0x00000000d6080000,0x00000000d6080000,0x00000000d6480000)
 ParOldGen       total 733184K, used 733156K [0x0000000080000000, 0x00000000acc00000, 0x00000000d5580000)
  object space 733184K, 99% used [0x0000000080000000,0x00000000acbf9118,0x00000000acc00000)
 Metaspace       used 68802K, committed 70400K, reserved 1114112K
  class space    used 6979K, committed 7680K, reserved 1048576K
}
Event: 157.899 GC heap before
{Heap before GC invocations=1037 (full 3):
 PSYoungGen      total 10752K, used 10109K [0x00000000d5580000, 0x00000000d6480000, 0x0000000100000000)
  eden space 7168K, 98% used [0x00000000d5580000,0x00000000d5c5e208,0x00000000d5c80000)
  from space 3584K, 85% used [0x00000000d5c80000,0x00000000d5f81500,0x00000000d6000000)
  to   space 4096K, 0% used [0x00000000d6080000,0x00000000d6080000,0x00000000d6480000)
 ParOldGen       total 733184K, used 733156K [0x0000000080000000, 0x00000000acc00000, 0x00000000d5580000)
  object space 733184K, 99% used [0x0000000080000000,0x00000000acbf9118,0x00000000acc00000)
 Metaspace       used 69383K, committed 70912K, reserved 1114112K
  class space    used 7025K, committed 7680K, reserved 1048576K
}
Event: 157.915 GC heap after
{Heap after GC invocations=1037 (full 3):
 PSYoungGen      total 8192K, used 528K [0x00000000d5580000, 0x00000000d6180000, 0x0000000100000000)
  eden space 7168K, 0% used [0x00000000d5580000,0x00000000d5580000,0x00000000d5c80000)
  from space 1024K, 51% used [0x00000000d6080000,0x00000000d6104350,0x00000000d6180000)
  to   space 2048K, 0% used [0x00000000d5d80000,0x00000000d5d80000,0x00000000d5f80000)
 ParOldGen       total 736256K, used 736154K [0x0000000080000000, 0x00000000acf00000, 0x00000000d5580000)
  object space 736256K, 99% used [0x0000000080000000,0x00000000acee6ab0,0x00000000acf00000)
 Metaspace       used 69383K, committed 70912K, reserved 1114112K
  class space    used 7025K, committed 7680K, reserved 1048576K
}
Event: 158.244 GC heap before
{Heap before GC invocations=1038 (full 3):
 PSYoungGen      total 8192K, used 7149K [0x00000000d5580000, 0x00000000d6180000, 0x0000000100000000)
  eden space 7168K, 92% used [0x00000000d5580000,0x00000000d5bf7468,0x00000000d5c80000)
  from space 1024K, 51% used [0x00000000d6080000,0x00000000d6104350,0x00000000d6180000)
  to   space 2048K, 0% used [0x00000000d5d80000,0x00000000d5d80000,0x00000000d5f80000)
 ParOldGen       total 736256K, used 736154K [0x0000000080000000, 0x00000000acf00000, 0x00000000d5580000)
  object space 736256K, 99% used [0x0000000080000000,0x00000000acee6ab0,0x00000000acf00000)
 Metaspace       used 69745K, committed 71296K, reserved 1114112K
  class space    used 7052K, committed 7744K, reserved 1048576K
}
Event: 158.252 GC heap after
{Heap after GC invocations=1038 (full 3):
 PSYoungGen      total 9216K, used 1661K [0x00000000d5580000, 0x00000000d6100000, 0x0000000100000000)
  eden space 7168K, 0% used [0x00000000d5580000,0x00000000d5580000,0x00000000d5c80000)
  from space 2048K, 81% used [0x00000000d5d80000,0x00000000d5f1f5e0,0x00000000d5f80000)
  to   space 1536K, 0% used [0x00000000d5f80000,0x00000000d5f80000,0x00000000d6100000)
 ParOldGen       total 736768K, used 736617K [0x0000000080000000, 0x00000000acf80000, 0x00000000d5580000)
  object space 736768K, 99% used [0x0000000080000000,0x00000000acf5a5e8,0x00000000acf80000)
 Metaspace       used 69745K, committed 71296K, reserved 1114112K
  class space    used 7052K, committed 7744K, reserved 1048576K
}

