# JRE version: OpenJDK Runtime Environment Temurin-21.0.7+6 (21.0.7+6) (build 21.0.7+6-LTS)
# Java VM: OpenJDK 64-Bit Server VM Temurin-21.0.7+6 (21.0.7+6-LTS, mixed mode, sharing, tiered, compressed oops, compressed class ptrs, parallel gc, windows-amd64)
GC Precious Log:
 CardTable entry size: 512
 CPUs: 2 total, 2 available
 Memory: 3918M
 Large Page Support: Disabled
 NUMA Support: Disabled
 Compressed Oops: Enabled (32-bit)
 Alignments: Space 512K, Generation 512K, Heap 2M
 Heap Min Capacity: 100M
 Heap Initial Capacity: 100M
 Heap Max Capacity: 2G
 Pre-touch: Disabled
 Parallel Workers: 2
Heap:
 PSYoungGen      total 5632K, used 5615K [0x00000000d5580000, 0x00000000d5e80000, 0x0000000100000000)
  eden space 5120K, 99% used [0x00000000d5580000,0x00000000d5a7df28,0x00000000d5a80000)
  from space 512K, 98% used [0x00000000d5a80000,0x00000000d5afdff0,0x00000000d5b00000)
  to   space 1536K, 43% used [0x00000000d5d00000,0x00000000d5da8000,0x00000000d5e80000)
 ParOldGen       total 390144K, used 390141K [0x0000000080000000, 0x0000000097d00000, 0x00000000d5580000)
  object space 390144K, 99% used [0x0000000080000000,0x0000000097cff670,0x0000000097d00000)
 Metaspace       used 73579K, committed 75136K, reserved 1179648K
  class space    used 7557K, committed 8256K, reserved 1048576K
GC Heap History (20 events):
Event: 250.204 GC heap before
{Heap before GC invocations=509 (full 5):
 PSYoungGen      total 2560K, used 1872K [0x00000000d5580000, 0x00000000d5900000, 0x0000000100000000)
  eden space 1536K, 100% used [0x00000000d5580000,0x00000000d5700000,0x00000000d5700000)
  from space 1024K, 32% used [0x00000000d5700000,0x00000000d5754010,0x00000000d5800000)
  to   space 512K, 0% used [0x00000000d5880000,0x00000000d5880000,0x00000000d5900000)
 ParOldGen       total 386560K, used 386465K [0x0000000080000000, 0x0000000097980000, 0x00000000d5580000)
  object space 386560K, 99% used [0x0000000080000000,0x0000000097968638,0x0000000097980000)
 Metaspace       used 73568K, committed 75136K, reserved 1179648K
  class space    used 7556K, committed 8256K, reserved 1048576K
}
Event: 250.208 GC heap after
{Heap after GC invocations=509 (full 5):
 PSYoungGen      total 2560K, used 224K [0x00000000d5580000, 0x00000000d5900000, 0x0000000100000000)
  eden space 2048K, 0% used [0x00000000d5580000,0x00000000d5580000,0x00000000d5780000)
  from space 512K, 43% used [0x00000000d5880000,0x00000000d58b8000,0x00000000d5900000)
  to   space 512K, 0% used [0x00000000d5800000,0x00000000d5800000,0x00000000d5880000)
 ParOldGen       total 387072K, used 386756K [0x0000000080000000, 0x0000000097a00000, 0x00000000d5580000)
  object space 387072K, 99% used [0x0000000080000000,0x00000000979b1240,0x0000000097a00000)
 Metaspace       used 73568K, committed 75136K, reserved 1179648K
  class space    used 7556K, committed 8256K, reserved 1048576K
}
Event: 250.273 GC heap before
{Heap before GC invocations=510 (full 5):
 PSYoungGen      total 2560K, used 2272K [0x00000000d5580000, 0x00000000d5900000, 0x0000000100000000)
  eden space 2048K, 100% used [0x00000000d5580000,0x00000000d5780000,0x00000000d5780000)
  from space 512K, 43% used [0x00000000d5880000,0x00000000d58b8000,0x00000000d5900000)
  to   space 512K, 0% used [0x00000000d5800000,0x00000000d5800000,0x00000000d5880000)
 ParOldGen       total 387072K, used 386756K [0x0000000080000000, 0x0000000097a00000, 0x00000000d5580000)
  object space 387072K, 99% used [0x0000000080000000,0x00000000979b1240,0x0000000097a00000)
 Metaspace       used 73568K, committed 75136K, reserved 1179648K
  class space    used 7556K, committed 8256K, reserved 1048576K
}
Event: 250.277 GC heap after
{Heap after GC invocations=510 (full 5):
 PSYoungGen      total 3072K, used 352K [0x00000000d5580000, 0x00000000d5900000, 0x0000000100000000)
  eden space 2560K, 0% used [0x00000000d5580000,0x00000000d5580000,0x00000000d5800000)
  from space 512K, 68% used [0x00000000d5800000,0x00000000d5858000,0x00000000d5880000)
  to   space 512K, 0% used [0x00000000d5880000,0x00000000d5880000,0x00000000d5900000)
 ParOldGen       total 387072K, used 386932K [0x0000000080000000, 0x0000000097a00000, 0x00000000d5580000)
  object space 387072K, 99% used [0x0000000080000000,0x00000000979dd240,0x0000000097a00000)
 Metaspace       used 73568K, committed 75136K, reserved 1179648K
  class space    used 7556K, committed 8256K, reserved 1048576K
}
Event: 250.320 GC heap before
{Heap before GC invocations=511 (full 5):
 PSYoungGen      total 3072K, used 2912K [0x00000000d5580000, 0x00000000d5900000, 0x0000000100000000)
  eden space 2560K, 100% used [0x00000000d5580000,0x00000000d5800000,0x00000000d5800000)
  from space 512K, 68% used [0x00000000d5800000,0x00000000d5858000,0x00000000d5880000)
  to   space 512K, 0% used [0x00000000d5880000,0x00000000d5880000,0x00000000d5900000)
 ParOldGen       total 387072K, used 386932K [0x0000000080000000, 0x0000000097a00000, 0x00000000d5580000)
  object space 387072K, 99% used [0x0000000080000000,0x00000000979dd240,0x0000000097a00000)
 Metaspace       used 73568K, committed 75136K, reserved 1179648K
  class space    used 7556K, committed 8256K, reserved 1048576K
}
Event: 250.323 GC heap after
{Heap after GC invocations=511 (full 5):
 PSYoungGen      total 3072K, used 338K [0x00000000d5580000, 0x00000000d5980000, 0x0000000100000000)
  eden space 2560K, 0% used [0x00000000d5580000,0x00000000d5580000,0x00000000d5800000)
  from space 512K, 66% used [0x00000000d5880000,0x00000000d58d4928,0x00000000d5900000)
  to   space 512K, 0% used [0x00000000d5800000,0x00000000d5800000,0x00000000d5880000)
 ParOldGen       total 387584K, used 387148K [0x0000000080000000, 0x0000000097a80000, 0x00000000d5580000)
  object space 387584K, 99% used [0x0000000080000000,0x0000000097a13240,0x0000000097a80000)
 Metaspace       used 73568K, committed 75136K, reserved 1179648K
  class space    used 7556K, committed 8256K, reserved 1048576K
}
Event: 250.357 GC heap before
{Heap before GC invocations=512 (full 5):
 PSYoungGen      total 3072K, used 2898K [0x00000000d5580000, 0x00000000d5980000, 0x0000000100000000)
  eden space 2560K, 100% used [0x00000000d5580000,0x00000000d5800000,0x00000000d5800000)
  from space 512K, 66% used [0x00000000d5880000,0x00000000d58d4928,0x00000000d5900000)
  to   space 512K, 0% used [0x00000000d5800000,0x00000000d5800000,0x00000000d5880000)
 ParOldGen       total 387584K, used 387148K [0x0000000080000000, 0x0000000097a80000, 0x00000000d5580000)
  object space 387584K, 99% used [0x0000000080000000,0x0000000097a13240,0x0000000097a80000)
 Metaspace       used 73569K, committed 75136K, reserved 1179648K
  class space    used 7556K, committed 8256K, reserved 1048576K
}
Event: 250.361 GC heap after
{Heap after GC invocations=512 (full 5):
 PSYoungGen      total 3072K, used 315K [0x00000000d5580000, 0x00000000d5980000, 0x0000000100000000)
  eden space 2560K, 0% used [0x00000000d5580000,0x00000000d5580000,0x00000000d5800000)
  from space 512K, 61% used [0x00000000d5800000,0x00000000d584ec08,0x00000000d5880000)
  to   space 512K, 0% used [0x00000000d5900000,0x00000000d5900000,0x00000000d5980000)
 ParOldGen       total 387584K, used 387461K [0x0000000080000000, 0x0000000097a80000, 0x00000000d5580000)
  object space 387584K, 99% used [0x0000000080000000,0x0000000097a61460,0x0000000097a80000)
 Metaspace       used 73569K, committed 75136K, reserved 1179648K
  class space    used 7556K, committed 8256K, reserved 1048576K
}
Event: 250.374 GC heap before
{Heap before GC invocations=513 (full 5):
 PSYoungGen      total 3072K, used 2875K [0x00000000d5580000, 0x00000000d5980000, 0x0000000100000000)
  eden space 2560K, 100% used [0x00000000d5580000,0x00000000d5800000,0x00000000d5800000)
  from space 512K, 61% used [0x00000000d5800000,0x00000000d584ec08,0x00000000d5880000)
  to   space 512K, 0% used [0x00000000d5900000,0x00000000d5900000,0x00000000d5980000)
 ParOldGen       total 387584K, used 387461K [0x0000000080000000, 0x0000000097a80000, 0x00000000d5580000)
  object space 387584K, 99% used [0x0000000080000000,0x0000000097a61460,0x0000000097a80000)
 Metaspace       used 73569K, committed 75136K, reserved 1179648K
  class space    used 7556K, committed 8256K, reserved 1048576K
}
Event: 250.385 GC heap after
{Heap after GC invocations=513 (full 5):
 PSYoungGen      total 3584K, used 320K [0x00000000d5580000, 0x00000000d5980000, 0x0000000100000000)
  eden space 3072K, 0% used [0x00000000d5580000,0x00000000d5580000,0x00000000d5880000)
  from space 512K, 62% used [0x00000000d5900000,0x00000000d5950000,0x00000000d5980000)
  to   space 512K, 0% used [0x00000000d5880000,0x00000000d5880000,0x00000000d5900000)
 ParOldGen       total 388096K, used 387760K [0x0000000080000000, 0x0000000097b00000, 0x00000000d5580000)
  object space 388096K, 99% used [0x0000000080000000,0x0000000097aac068,0x0000000097b00000)
 Metaspace       used 73569K, committed 75136K, reserved 1179648K
  class space    used 7556K, committed 8256K, reserved 1048576K
}
Event: 250.404 GC heap before
{Heap before GC invocations=514 (full 5):
 PSYoungGen      total 3584K, used 3392K [0x00000000d5580000, 0x00000000d5980000, 0x0000000100000000)
  eden space 3072K, 100% used [0x00000000d5580000,0x00000000d5880000,0x00000000d5880000)
  from space 512K, 62% used [0x00000000d5900000,0x00000000d5950000,0x00000000d5980000)
  to   space 512K, 0% used [0x00000000d5880000,0x00000000d5880000,0x00000000d5900000)
 ParOldGen       total 388096K, used 387760K [0x0000000080000000, 0x0000000097b00000, 0x00000000d5580000)
  object space 388096K, 99% used [0x0000000080000000,0x0000000097aac068,0x0000000097b00000)
 Metaspace       used 73569K, committed 75136K, reserved 1179648K
  class space    used 7556K, committed 8256K, reserved 1048576K
}
Event: 250.414 GC heap after
{Heap after GC invocations=514 (full 5):
 PSYoungGen      total 3584K, used 406K [0x00000000d5580000, 0x00000000d5a80000, 0x0000000100000000)
  eden space 3072K, 0% used [0x00000000d5580000,0x00000000d5580000,0x00000000d5880000)
  from space 512K, 79% used [0x00000000d5880000,0x00000000d58e5808,0x00000000d5900000)
  to   space 512K, 0% used [0x00000000d5a00000,0x00000000d5a00000,0x00000000d5a80000)
 ParOldGen       total 388096K, used 388040K [0x0000000080000000, 0x0000000097b00000, 0x00000000d5580000)
  object space 388096K, 99% used [0x0000000080000000,0x0000000097af2068,0x0000000097b00000)
 Metaspace       used 73569K, committed 75136K, reserved 1179648K
  class space    used 7556K, committed 8256K, reserved 1048576K
}
Event: 250.481 GC heap before
{Heap before GC invocations=515 (full 5):
 PSYoungGen      total 3584K, used 3478K [0x00000000d5580000, 0x00000000d5a80000, 0x0000000100000000)
  eden space 3072K, 100% used [0x00000000d5580000,0x00000000d5880000,0x00000000d5880000)
  from space 512K, 79% used [0x00000000d5880000,0x00000000d58e5808,0x00000000d5900000)
  to   space 512K, 0% used [0x00000000d5a00000,0x00000000d5a00000,0x00000000d5a80000)
 ParOldGen       total 388096K, used 388040K [0x0000000080000000, 0x0000000097b00000, 0x00000000d5580000)
  object space 388096K, 99% used [0x0000000080000000,0x0000000097af2068,0x0000000097b00000)
 Metaspace       used 73569K, committed 75136K, reserved 1179648K
  class space    used 7556K, committed 8256K, reserved 1048576K
}
Event: 250.485 GC heap after
{Heap after GC invocations=515 (full 5):
 PSYoungGen      total 4608K, used 352K [0x00000000d5580000, 0x00000000d5a80000, 0x0000000100000000)
  eden space 4096K, 0% used [0x00000000d5580000,0x00000000d5580000,0x00000000d5980000)
  from space 512K, 68% used [0x00000000d5a00000,0x00000000d5a58000,0x00000000d5a80000)
  to   space 512K, 0% used [0x00000000d5980000,0x00000000d5980000,0x00000000d5a00000)
 ParOldGen       total 388608K, used 388414K [0x0000000080000000, 0x0000000097b80000, 0x00000000d5580000)
  object space 388608K, 99% used [0x0000000080000000,0x0000000097b4f870,0x0000000097b80000)
 Metaspace       used 73569K, committed 75136K, reserved 1179648K
  class space    used 7556K, committed 8256K, reserved 1048576K
}
Event: 250.505 GC heap before
{Heap before GC invocations=516 (full 5):
 PSYoungGen      total 4608K, used 4448K [0x00000000d5580000, 0x00000000d5a80000, 0x0000000100000000)
  eden space 4096K, 100% used [0x00000000d5580000,0x00000000d5980000,0x00000000d5980000)
  from space 512K, 68% used [0x00000000d5a00000,0x00000000d5a58000,0x00000000d5a80000)
  to   space 512K, 0% used [0x00000000d5980000,0x00000000d5980000,0x00000000d5a00000)
 ParOldGen       total 388608K, used 388414K [0x0000000080000000, 0x0000000097b80000, 0x00000000d5580000)
  object space 388608K, 99% used [0x0000000080000000,0x0000000097b4f870,0x0000000097b80000)
 Metaspace       used 73569K, committed 75136K, reserved 1179648K
  class space    used 7556K, committed 8256K, reserved 1048576K
}
Event: 250.510 GC heap after
{Heap after GC invocations=516 (full 5):
 PSYoungGen      total 4608K, used 448K [0x00000000d5580000, 0x00000000d5b80000, 0x0000000100000000)
  eden space 4096K, 0% used [0x00000000d5580000,0x00000000d5580000,0x00000000d5980000)
  from space 512K, 87% used [0x00000000d5980000,0x00000000d59f0000,0x00000000d5a00000)
  to   space 512K, 0% used [0x00000000d5b00000,0x00000000d5b00000,0x00000000d5b80000)
 ParOldGen       total 389120K, used 388742K [0x0000000080000000, 0x0000000097c00000, 0x00000000d5580000)
  object space 389120K, 99% used [0x0000000080000000,0x0000000097ba1870,0x0000000097c00000)
 Metaspace       used 73569K, committed 75136K, reserved 1179648K
  class space    used 7556K, committed 8256K, reserved 1048576K
}
Event: 250.651 GC heap before
{Heap before GC invocations=517 (full 5):
 PSYoungGen      total 4608K, used 4544K [0x00000000d5580000, 0x00000000d5b80000, 0x0000000100000000)
  eden space 4096K, 100% used [0x00000000d5580000,0x00000000d5980000,0x00000000d5980000)
  from space 512K, 87% used [0x00000000d5980000,0x00000000d59f0000,0x00000000d5a00000)
  to   space 512K, 0% used [0x00000000d5b00000,0x00000000d5b00000,0x00000000d5b80000)
 ParOldGen       total 389120K, used 388742K [0x0000000080000000, 0x0000000097c00000, 0x00000000d5580000)
  object space 389120K, 99% used [0x0000000080000000,0x0000000097ba1870,0x0000000097c00000)
 Metaspace       used 73569K, committed 75136K, reserved 1179648K
  class space    used 7556K, committed 8256K, reserved 1048576K
}
Event: 250.660 GC heap after
{Heap after GC invocations=517 (full 5):
 PSYoungGen      total 5632K, used 352K [0x00000000d5580000, 0x00000000d5b80000, 0x0000000100000000)
  eden space 5120K, 0% used [0x00000000d5580000,0x00000000d5580000,0x00000000d5a80000)
  from space 512K, 68% used [0x00000000d5b00000,0x00000000d5b58000,0x00000000d5b80000)
  to   space 512K, 0% used [0x00000000d5a80000,0x00000000d5a80000,0x00000000d5b00000)
 ParOldGen       total 389632K, used 389158K [0x0000000080000000, 0x0000000097c80000, 0x00000000d5580000)
  object space 389632K, 99% used [0x0000000080000000,0x0000000097c09870,0x0000000097c80000)
 Metaspace       used 73569K, committed 75136K, reserved 1179648K
  class space    used 7556K, committed 8256K, reserved 1048576K
}
Event: 250.849 GC heap before
{Heap before GC invocations=518 (full 5):
 PSYoungGen      total 5632K, used 5471K [0x00000000d5580000, 0x00000000d5b80000, 0x0000000100000000)
  eden space 5120K, 99% used [0x00000000d5580000,0x00000000d5a7fff0,0x00000000d5a80000)
  from space 512K, 68% used [0x00000000d5b00000,0x00000000d5b58000,0x00000000d5b80000)
  to   space 512K, 0% used [0x00000000d5a80000,0x00000000d5a80000,0x00000000d5b00000)
 ParOldGen       total 389632K, used 389158K [0x0000000080000000, 0x0000000097c80000, 0x00000000d5580000)
  object space 389632K, 99% used [0x0000000080000000,0x0000000097c09870,0x0000000097c80000)
 Metaspace       used 73578K, committed 75136K, reserved 1179648K
  class space    used 7557K, committed 8256K, reserved 1048576K
}
Event: 250.853 GC heap after
{Heap after GC invocations=518 (full 5):
 PSYoungGen      total 5632K, used 503K [0x00000000d5580000, 0x00000000d5e80000, 0x0000000100000000)
  eden space 5120K, 0% used [0x00000000d5580000,0x00000000d5580000,0x00000000d5a80000)
  from space 512K, 98% used [0x00000000d5a80000,0x00000000d5afdff0,0x00000000d5b00000)
  to   space 1536K, 0% used [0x00000000d5d00000,0x00000000d5d00000,0x00000000d5e80000)
 ParOldGen       total 390144K, used 389653K [0x0000000080000000, 0x0000000097d00000, 0x00000000d5580000)
  object space 390144K, 99% used [0x0000000080000000,0x0000000097c85680,0x0000000097d00000)
 Metaspace       used 73578K, committed 75136K, reserved 1179648K
  class space    used 7557K, committed 8256K, reserved 1048576K
}

