# JRE version: Java(TM) SE Runtime Environment (21.0.4+8) (build 21.0.4+8-LTS-274)
# Java VM: Java HotSpot(TM) 64-Bit Server VM (21.0.4+8-LTS-274, mixed mode, sharing, tiered, compressed oops, compressed class ptrs, g1 gc, windows-amd64)
GC Precious Log:
 CardTable entry size: 512
 Card Set container configuration: InlinePtr #cards 5 size 8 Array Of Cards #cards 12 size 40 Howl #buckets 4 coarsen threshold 1843 Howl Bitmap #cards 512 size 80 coarsen threshold 460 Card regions per heap region 1 cards per card region 2048
 CPUs: 2 total, 2 available
 Memory: 3918M
 Large Page Support: Disabled
 NUMA Support: Disabled
 Compressed Oops: Enabled (32-bit)
 Heap Region Size: 1M
 Heap Min Capacity: 8M
 Heap Initial Capacity: 62M
 Heap Max Capacity: 980M
 Pre-touch: Disabled
 Parallel Workers: 2
 Concurrent Workers: 1
 Concurrent Refinement Workers: 2
 Periodic GC: Disabled
Heap:
 garbage-first heap   total 53248K, used 33960K [0x00000000c2c00000, 0x0000000100000000)
  region size 1024K, 5 young (5120K), 2 survivors (2048K)
 Metaspace       used 73672K, committed 74496K, reserved 1114112K
  class space    used 9912K, committed 10304K, reserved 1048576K
GC Heap History (20 events):
Event: 19.548 GC heap before
{Heap before GC invocations=9 (full 0):
 garbage-first heap   total 51200K, used 28284K [0x00000000c2c00000, 0x0000000100000000)
  region size 1024K, 12 young (12288K), 2 survivors (2048K)
 Metaspace       used 35562K, committed 35968K, reserved 1114112K
  class space    used 4430K, committed 4608K, reserved 1048576K
}
Event: 19.554 GC heap after
{Heap after GC invocations=10 (full 0):
 garbage-first heap   total 51200K, used 20177K [0x00000000c2c00000, 0x0000000100000000)
  region size 1024K, 3 young (3072K), 3 survivors (3072K)
 Metaspace       used 35562K, committed 35968K, reserved 1114112K
  class space    used 4430K, committed 4608K, reserved 1048576K
}
Event: 22.110 GC heap before
{Heap before GC invocations=11 (full 0):
 garbage-first heap   total 51200K, used 40657K [0x00000000c2c00000, 0x0000000100000000)
  region size 1024K, 24 young (24576K), 3 survivors (3072K)
 Metaspace       used 41059K, committed 41664K, reserved 1114112K
  class space    used 5210K, committed 5504K, reserved 1048576K
}
Event: 22.121 GC heap after
{Heap after GC invocations=12 (full 0):
 garbage-first heap   total 51200K, used 21339K [0x00000000c2c00000, 0x0000000100000000)
  region size 1024K, 3 young (3072K), 3 survivors (3072K)
 Metaspace       used 41059K, committed 41664K, reserved 1114112K
  class space    used 5210K, committed 5504K, reserved 1048576K
}
Event: 23.907 GC heap before
{Heap before GC invocations=12 (full 0):
 garbage-first heap   total 51200K, used 40795K [0x00000000c2c00000, 0x0000000100000000)
  region size 1024K, 23 young (23552K), 3 survivors (3072K)
 Metaspace       used 46483K, committed 47104K, reserved 1114112K
  class space    used 6074K, committed 6400K, reserved 1048576K
}
Event: 23.918 GC heap after
{Heap after GC invocations=13 (full 0):
 garbage-first heap   total 51200K, used 22398K [0x00000000c2c00000, 0x0000000100000000)
  region size 1024K, 3 young (3072K), 3 survivors (3072K)
 Metaspace       used 46483K, committed 47104K, reserved 1114112K
  class space    used 6074K, committed 6400K, reserved 1048576K
}
Event: 25.110 GC heap before
{Heap before GC invocations=13 (full 0):
 garbage-first heap   total 51200K, used 41854K [0x00000000c2c00000, 0x0000000100000000)
  region size 1024K, 23 young (23552K), 3 survivors (3072K)
 Metaspace       used 52431K, committed 53056K, reserved 1114112K
  class space    used 6771K, committed 7040K, reserved 1048576K
}
Event: 25.119 GC heap after
{Heap after GC invocations=14 (full 0):
 garbage-first heap   total 51200K, used 23763K [0x00000000c2c00000, 0x0000000100000000)
  region size 1024K, 3 young (3072K), 3 survivors (3072K)
 Metaspace       used 52431K, committed 53056K, reserved 1114112K
  class space    used 6771K, committed 7040K, reserved 1048576K
}
Event: 26.142 GC heap before
{Heap before GC invocations=14 (full 0):
 garbage-first heap   total 51200K, used 43219K [0x00000000c2c00000, 0x0000000100000000)
  region size 1024K, 23 young (23552K), 3 survivors (3072K)
 Metaspace       used 57883K, committed 58560K, reserved 1114112K
  class space    used 7744K, committed 8064K, reserved 1048576K
}
Event: 26.149 GC heap after
{Heap after GC invocations=15 (full 0):
 garbage-first heap   total 51200K, used 24408K [0x00000000c2c00000, 0x0000000100000000)
  region size 1024K, 2 young (2048K), 2 survivors (2048K)
 Metaspace       used 57883K, committed 58560K, reserved 1114112K
  class space    used 7744K, committed 8064K, reserved 1048576K
}
Event: 26.490 GC heap before
{Heap before GC invocations=15 (full 0):
 garbage-first heap   total 51200K, used 28504K [0x00000000c2c00000, 0x0000000100000000)
  region size 1024K, 8 young (8192K), 2 survivors (2048K)
 Metaspace       used 59461K, committed 60096K, reserved 1114112K
  class space    used 7975K, committed 8256K, reserved 1048576K
}
Event: 26.496 GC heap after
{Heap after GC invocations=16 (full 0):
 garbage-first heap   total 51200K, used 24684K [0x00000000c2c00000, 0x0000000100000000)
  region size 1024K, 1 young (1024K), 1 survivors (1024K)
 Metaspace       used 59461K, committed 60096K, reserved 1114112K
  class space    used 7975K, committed 8256K, reserved 1048576K
}
Event: 28.577 GC heap before
{Heap before GC invocations=17 (full 0):
 garbage-first heap   total 51200K, used 45164K [0x00000000c2c00000, 0x0000000100000000)
  region size 1024K, 21 young (21504K), 1 survivors (1024K)
 Metaspace       used 63666K, committed 64320K, reserved 1114112K
  class space    used 8606K, committed 8896K, reserved 1048576K
}
Event: 28.586 GC heap after
{Heap after GC invocations=18 (full 0):
 garbage-first heap   total 51200K, used 26633K [0x00000000c2c00000, 0x0000000100000000)
  region size 1024K, 3 young (3072K), 3 survivors (3072K)
 Metaspace       used 63666K, committed 64320K, reserved 1114112K
  class space    used 8606K, committed 8896K, reserved 1048576K
}
Event: 30.072 GC heap before
{Heap before GC invocations=18 (full 0):
 garbage-first heap   total 51200K, used 44041K [0x00000000c2c00000, 0x0000000100000000)
  region size 1024K, 20 young (20480K), 3 survivors (3072K)
 Metaspace       used 66868K, committed 67712K, reserved 1114112K
  class space    used 9015K, committed 9408K, reserved 1048576K
}
Event: 30.084 GC heap after
{Heap after GC invocations=19 (full 0):
 garbage-first heap   total 51200K, used 27988K [0x00000000c2c00000, 0x0000000100000000)
  region size 1024K, 2 young (2048K), 2 survivors (2048K)
 Metaspace       used 66868K, committed 67712K, reserved 1114112K
  class space    used 9015K, committed 9408K, reserved 1048576K
}
Event: 31.963 GC heap before
{Heap before GC invocations=19 (full 0):
 garbage-first heap   total 51200K, used 45396K [0x00000000c2c00000, 0x0000000100000000)
  region size 1024K, 19 young (19456K), 2 survivors (2048K)
 Metaspace       used 69300K, committed 70144K, reserved 1114112K
  class space    used 9350K, committed 9728K, reserved 1048576K
}
Event: 31.973 GC heap after
{Heap after GC invocations=20 (full 0):
 garbage-first heap   total 51200K, used 29944K [0x00000000c2c00000, 0x0000000100000000)
  region size 1024K, 2 young (2048K), 2 survivors (2048K)
 Metaspace       used 69300K, committed 70144K, reserved 1114112K
  class space    used 9350K, committed 9728K, reserved 1048576K
}
Event: 649.252 GC heap before
{Heap before GC invocations=21 (full 0):
 garbage-first heap   total 53248K, used 43256K [0x00000000c2c00000, 0x0000000100000000)
  region size 1024K, 16 young (16384K), 2 survivors (2048K)
 Metaspace       used 73141K, committed 73984K, reserved 1114112K
  class space    used 9844K, committed 10240K, reserved 1048576K
}
Event: 649.279 GC heap after
{Heap after GC invocations=22 (full 0):
 garbage-first heap   total 53248K, used 31912K [0x00000000c2c00000, 0x0000000100000000)
  region size 1024K, 2 young (2048K), 2 survivors (2048K)
 Metaspace       used 73141K, committed 73984K, reserved 1114112K
  class space    used 9844K, committed 10240K, reserved 1048576K
}

